[2020-01-19T09:37:36.126] [DEBUG] cheese - login => username:zs,password:123456
[2020-01-19T09:37:36.129] [DEBUG] cheese - zs
[2020-01-19T09:37:36.144] [DEBUG] cheese - null
[2020-01-19T09:37:36.144] [DEBUG] cheese - null
[2020-01-19T09:37:45.423] [DEBUG] cheese - login => username:admin,password:123456
[2020-01-19T09:37:45.423] [DEBUG] cheese - admin
[2020-01-19T09:37:45.432] [DEBUG] cheese - null
[2020-01-19T09:37:45.432] [DEBUG] cheese - null
[2020-01-19T14:58:49.600] [DEBUG] cheese - login => username:admin,password:123456
[2020-01-19T14:58:49.602] [DEBUG] cheese - admin
[2020-01-19T14:58:49.617] [DEBUG] cheese - null
[2020-01-19T14:58:49.618] [DEBUG] cheese - null
[2020-01-19T14:59:44.235] [DEBUG] cheese - login => username:admin,password:123456
[2020-01-19T14:59:44.235] [DEBUG] cheese - admin
[2020-01-19T14:59:44.238] [DEBUG] cheese - null
[2020-01-19T14:59:44.239] [DEBUG] cheese - null
[2020-01-19T15:17:42.569] [DEBUG] cheese - login => username:admin,password:123456
[2020-01-19T15:17:42.570] [DEBUG] cheese - admin
[2020-01-19T15:17:42.574] [DEBUG] cheese - null
[2020-01-19T15:17:42.574] [DEBUG] cheese - null
[2020-01-19T15:18:22.727] [DEBUG] cheese - login => username:admin,password:123456
[2020-01-19T15:18:22.727] [DEBUG] cheese - admin
[2020-01-19T15:18:22.729] [DEBUG] cheese - null
[2020-01-19T15:18:22.729] [DEBUG] cheese - null
[2020-01-19T15:18:26.210] [DEBUG] cheese - login => username:admin,password:123456
[2020-01-19T15:18:26.210] [DEBUG] cheese - admin
[2020-01-19T15:18:26.213] [DEBUG] cheese - null
[2020-01-19T15:18:26.213] [DEBUG] cheese - null
[2020-01-19T15:18:28.096] [DEBUG] cheese - login => username:admina,password:123456
[2020-01-19T15:18:28.096] [DEBUG] cheese - admina
[2020-01-19T15:18:28.098] [DEBUG] cheese - null
[2020-01-19T15:18:28.098] [DEBUG] cheese - null
[2020-01-19T15:25:07.169] [DEBUG] cheese - login => username:admin,password:123456
[2020-01-19T15:25:07.170] [DEBUG] cheese - admin
[2020-01-19T15:25:07.172] [DEBUG] cheese - null
[2020-01-19T15:25:07.173] [DEBUG] cheese - null
[2020-01-19T15:26:31.579] [DEBUG] cheese - login => username:admin,password:123456d
[2020-01-19T15:26:31.579] [DEBUG] cheese - admin
[2020-01-19T15:26:31.581] [DEBUG] cheese - null
[2020-01-19T15:26:31.581] [DEBUG] cheese - null
[2020-01-19T15:26:34.835] [DEBUG] cheese - login => username:admin,password:123456d
[2020-01-19T15:26:34.835] [DEBUG] cheese - admin
[2020-01-19T15:26:34.836] [DEBUG] cheese - null
[2020-01-19T15:26:34.837] [DEBUG] cheese - null
[2020-01-19T15:26:35.293] [DEBUG] cheese - login => username:admin,password:123456d
[2020-01-19T15:26:35.293] [DEBUG] cheese - admin
[2020-01-19T15:26:35.296] [DEBUG] cheese - null
[2020-01-19T15:26:35.296] [DEBUG] cheese - null
[2020-01-19T15:26:40.302] [DEBUG] cheese - login => username:admin,password:123456
[2020-01-19T15:26:40.302] [DEBUG] cheese - admin
[2020-01-19T15:26:40.304] [DEBUG] cheese - null
[2020-01-19T15:26:40.304] [DEBUG] cheese - null
[2020-01-19T15:28:41.289] [DEBUG] cheese - login => username:admin,password:123456
[2020-01-19T15:28:41.289] [DEBUG] cheese - admin
[2020-01-19T15:28:41.291] [DEBUG] cheese - null
[2020-01-19T15:28:41.291] [DEBUG] cheese - null
[2020-01-19T15:29:36.110] [DEBUG] cheese - login => username:admin,password:123456
[2020-01-19T15:29:36.110] [DEBUG] cheese - admin
[2020-01-19T15:29:36.113] [DEBUG] cheese - null
[2020-01-19T15:29:36.113] [DEBUG] cheese - null
[2020-01-19T15:30:03.885] [DEBUG] cheese - login => username:admin,password:123456
[2020-01-19T15:30:03.885] [DEBUG] cheese - admin
[2020-01-19T15:30:03.888] [DEBUG] cheese - null
[2020-01-19T15:30:03.888] [DEBUG] cheese - null
[2020-01-19T15:42:40.236] [DEBUG] cheese - login => username:admin,password:123456
[2020-01-19T15:42:40.236] [DEBUG] cheese - admin
[2020-01-19T15:42:40.239] [DEBUG] cheese - null
[2020-01-19T15:42:40.239] [DEBUG] cheese - null
[2020-01-19T16:03:47.994] [DEBUG] cheese - login => username:admin,password:123456
[2020-01-19T16:03:47.994] [DEBUG] cheese - admin
[2020-01-19T16:03:47.997] [DEBUG] cheese - null
[2020-01-19T16:03:47.997] [DEBUG] cheese - null
[2020-01-19T16:10:45.012] [DEBUG] cheese - login => username:admin,password:123456
[2020-01-19T16:10:45.012] [DEBUG] cheese - admin
[2020-01-19T16:10:45.016] [DEBUG] cheese - null
[2020-01-19T16:10:45.016] [DEBUG] cheese - null
[2020-01-19T16:11:53.433] [DEBUG] cheese - login => username:admin,password:123456
[2020-01-19T16:11:53.433] [DEBUG] cheese - admin
[2020-01-19T16:11:53.436] [DEBUG] cheese - null
[2020-01-19T16:11:53.436] [DEBUG] cheese - null
[2020-01-19T16:18:49.514] [DEBUG] cheese - login => username:admin,password:123456
[2020-01-19T16:18:49.514] [DEBUG] cheese - admin
[2020-01-19T16:18:49.516] [DEBUG] cheese - null
[2020-01-19T16:18:49.517] [DEBUG] cheese - null
[2020-01-19T16:28:16.679] [DEBUG] cheese - login => username:admin,password:123456
[2020-01-19T16:28:16.679] [DEBUG] cheese - admin
[2020-01-19T16:28:16.681] [DEBUG] cheese - null
[2020-01-19T16:28:16.681] [DEBUG] cheese - null
[2020-01-19T16:56:02.532] [DEBUG] cheese - login => username:admin,password:123456
[2020-01-19T16:56:02.533] [DEBUG] cheese - admin
[2020-01-19T16:56:02.536] [DEBUG] cheese - null
[2020-01-19T16:56:02.536] [DEBUG] cheese - null
[2020-01-19T17:21:38.815] [DEBUG] cheese - login => username:admin,password:123456
[2020-01-19T17:21:38.815] [DEBUG] cheese - admin
[2020-01-19T17:21:38.817] [DEBUG] cheese - null
[2020-01-19T17:21:38.817] [DEBUG] cheese - null
[2020-01-19T17:23:50.368] [DEBUG] cheese - login => username:admin,password:123456
[2020-01-19T17:23:50.369] [DEBUG] cheese - admin
[2020-01-19T17:23:50.371] [DEBUG] cheese - null
[2020-01-19T17:23:50.371] [DEBUG] cheese - null
[2020-01-19T17:24:24.053] [DEBUG] cheese - login => username:admin,password:123456
[2020-01-19T17:24:24.053] [DEBUG] cheese - admin
[2020-01-19T17:24:24.055] [DEBUG] cheese - null
[2020-01-19T17:24:24.055] [DEBUG] cheese - null
[2020-01-19T17:28:18.312] [DEBUG] cheese - login => username:admin,password:123456
[2020-01-19T17:28:18.312] [DEBUG] cheese - admin
[2020-01-19T17:28:18.315] [DEBUG] cheese - null
[2020-01-19T17:28:18.315] [DEBUG] cheese - null
[2020-01-19T17:44:37.466] [DEBUG] cheese - login => username:admin,password:123456
[2020-01-19T17:44:37.466] [DEBUG] cheese - admin
[2020-01-19T17:44:37.469] [DEBUG] cheese - null
[2020-01-19T17:44:37.469] [DEBUG] cheese - null
[2020-01-19T17:46:20.424] [DEBUG] cheese - login => username:admin,password:123456
[2020-01-19T17:46:20.424] [DEBUG] cheese - admin
[2020-01-19T17:46:20.428] [DEBUG] cheese - null
[2020-01-19T17:46:20.428] [DEBUG] cheese - null
[2020-01-19T21:53:47.644] [DEBUG] cheese - login => username:admin,password:123456
[2020-01-19T21:53:47.644] [DEBUG] cheese - admin
[2020-01-19T21:53:47.647] [DEBUG] cheese - null
[2020-01-19T21:53:47.647] [DEBUG] cheese - null
[2020-01-19T22:21:52.998] [DEBUG] cheese - login => username:admin,password:123456
[2020-01-19T22:21:52.998] [DEBUG] cheese - admin
[2020-01-19T22:21:53.001] [DEBUG] cheese - null
[2020-01-19T22:21:53.001] [DEBUG] cheese - null
[2020-01-19T23:08:34.335] [DEBUG] cheese - login => username:admin,password:123456
[2020-01-19T23:08:34.335] [DEBUG] cheese - admin
[2020-01-19T23:08:34.337] [DEBUG] cheese - null
[2020-01-19T23:08:34.337] [DEBUG] cheese - null
[2020-01-20T16:15:37.043] [DEBUG] cheese - login => username:admin,password:123456
[2020-01-20T16:15:37.045] [DEBUG] cheese - admin
[2020-01-20T16:15:37.055] [DEBUG] cheese - null
[2020-01-20T16:15:37.056] [DEBUG] cheese - null
[2020-01-20T16:40:51.810] [DEBUG] cheese - login => username:admin,password:123456
[2020-01-20T16:40:51.810] [DEBUG] cheese - admin
[2020-01-20T16:40:51.814] [DEBUG] cheese - null
[2020-01-20T16:40:51.814] [DEBUG] cheese - null
[2020-01-20T23:36:37.377] [DEBUG] cheese - login => username:admin,password:123456
[2020-01-20T23:36:37.378] [DEBUG] cheese - admin
[2020-01-20T23:36:37.380] [DEBUG] cheese - null
[2020-01-20T23:36:37.380] [DEBUG] cheese - null
[2020-01-21T15:57:20.945] [DEBUG] cheese - null
[2020-01-21T23:03:47.319] [DEBUG] cheese - login => username:admin,password:123456
[2020-01-21T23:03:47.320] [DEBUG] cheese - admin
[2020-01-21T23:03:47.323] [DEBUG] cheese - null
[2020-01-21T23:03:47.323] [DEBUG] cheese - null
[2020-01-23T20:44:20.582] [DEBUG] cheese - login => username:admin,password:123456
[2020-01-23T20:44:20.585] [DEBUG] cheese - admin
[2020-01-23T20:44:20.604] [DEBUG] cheese - null
[2020-01-23T20:44:20.605] [DEBUG] cheese - null
[2020-01-25T12:07:27.757] [DEBUG] cheese - login => username:admin,password:123456
[2020-01-25T12:07:27.758] [DEBUG] cheese - admin
[2020-01-25T12:07:27.868] [DEBUG] cheese - null
[2020-01-25T12:07:27.868] [DEBUG] cheese - null
[2020-01-25T17:55:09.328] [DEBUG] cheese - login => username:admin,password:123456
[2020-01-25T17:55:09.328] [DEBUG] cheese - admin
[2020-01-25T17:55:09.330] [DEBUG] cheese - null
[2020-01-25T17:55:09.330] [DEBUG] cheese - null
[2020-01-25T17:56:06.587] [DEBUG] cheese - login => username:admi,password:123456
[2020-01-25T17:56:06.588] [DEBUG] cheese - admi
[2020-01-25T17:56:06.589] [DEBUG] cheese - null
[2020-01-25T17:56:06.589] [DEBUG] cheese - null
[2020-01-25T17:56:10.552] [DEBUG] cheese - login => username:admin,password:123456
[2020-01-25T17:56:10.552] [DEBUG] cheese - admin
[2020-01-25T17:56:10.555] [DEBUG] cheese - null
[2020-01-25T17:56:10.555] [DEBUG] cheese - null
[2020-01-25T17:56:25.692] [DEBUG] cheese - login => username:linken,password:123456
[2020-01-25T17:56:25.692] [DEBUG] cheese - linken
[2020-01-25T17:56:25.695] [DEBUG] cheese - null
[2020-01-25T17:56:25.695] [DEBUG] cheese - null
[2020-01-25T17:56:33.086] [DEBUG] cheese - login => username:admin,password:123456
[2020-01-25T17:56:33.086] [DEBUG] cheese - admin
[2020-01-25T17:56:33.089] [DEBUG] cheese - null
[2020-01-25T17:56:33.089] [DEBUG] cheese - null
[2020-01-25T18:01:11.807] [DEBUG] cheese - login => username:auth,password:123456
[2020-01-25T18:01:11.807] [DEBUG] cheese - auth
[2020-01-25T18:01:11.809] [DEBUG] cheese - null
[2020-01-25T18:01:11.809] [DEBUG] cheese - null
[2020-01-25T18:01:21.331] [DEBUG] cheese - login => username:auth,password:123456
[2020-01-25T18:01:21.331] [DEBUG] cheese - auth
[2020-01-25T18:01:21.333] [DEBUG] cheese - null
[2020-01-25T18:01:21.333] [DEBUG] cheese - null
[2020-01-25T18:01:22.594] [DEBUG] cheese - login => username:admin,password:123456
[2020-01-25T18:01:22.594] [DEBUG] cheese - admin
[2020-01-25T18:01:22.596] [DEBUG] cheese - null
[2020-01-25T18:01:22.596] [DEBUG] cheese - null
[2020-01-25T18:01:46.719] [DEBUG] cheese - login => username:auth,password:123456
[2020-01-25T18:01:46.719] [DEBUG] cheese - auth
[2020-01-25T18:01:46.720] [DEBUG] cheese - null
[2020-01-25T18:01:46.720] [DEBUG] cheese - null
[2020-01-25T18:01:49.042] [DEBUG] cheese - null
[2020-01-25T18:01:49.045] [DEBUG] cheese - null
[2020-01-25T18:01:52.237] [DEBUG] cheese - null
[2020-01-25T18:01:52.238] [DEBUG] cheese - null
[2020-01-25T18:01:53.421] [DEBUG] cheese - null
[2020-01-25T18:01:53.424] [DEBUG] cheese - null
[2020-01-25T18:01:59.201] [DEBUG] cheese - login => username:admin,password:123456
[2020-01-25T18:01:59.201] [DEBUG] cheese - admin
[2020-01-25T18:01:59.202] [DEBUG] cheese - null
[2020-01-25T18:01:59.202] [DEBUG] cheese - null
[2020-01-26T13:07:24.764] [DEBUG] cheese - login => username:admin,password:123456
[2020-01-26T13:07:24.764] [DEBUG] cheese - admin
[2020-01-26T13:07:24.767] [DEBUG] cheese - null
[2020-01-26T13:07:24.767] [DEBUG] cheese - null
[2020-01-26T16:04:29.486] [DEBUG] cheese - login => username:admin,password:123456
[2020-01-26T16:04:29.486] [DEBUG] cheese - admin
[2020-01-26T16:04:29.592] [DEBUG] cheese - null
[2020-01-26T16:04:29.592] [DEBUG] cheese - null
[2020-01-26T17:42:27.771] [DEBUG] cheese - login => username:orders,password:123456
[2020-01-26T17:42:27.772] [DEBUG] cheese - orders
[2020-01-26T17:42:27.776] [DEBUG] cheese - null
[2020-01-26T17:42:27.776] [DEBUG] cheese - null
[2020-01-26T17:42:37.026] [DEBUG] cheese - login => username:admin,password:123456
[2020-01-26T17:42:37.026] [DEBUG] cheese - admin
[2020-01-26T17:42:37.031] [DEBUG] cheese - null
[2020-01-26T17:42:37.031] [DEBUG] cheese - null
[2020-01-26T17:42:51.967] [DEBUG] cheese - login => username:good,password:123456
[2020-01-26T17:42:51.967] [DEBUG] cheese - good
[2020-01-26T17:42:51.968] [DEBUG] cheese - null
[2020-01-26T17:42:51.969] [DEBUG] cheese - null
[2020-01-26T17:42:57.198] [DEBUG] cheese - login => username:good,password:123456
[2020-01-26T17:42:57.198] [DEBUG] cheese - good
[2020-01-26T17:42:57.202] [DEBUG] cheese - null
[2020-01-26T17:42:57.202] [DEBUG] cheese - null
[2020-01-26T17:43:03.117] [DEBUG] cheese - login => username:admin,password:123456
[2020-01-26T17:43:03.117] [DEBUG] cheese - admin
[2020-01-26T17:43:03.121] [DEBUG] cheese - null
[2020-01-26T17:43:03.121] [DEBUG] cheese - null
[2020-01-26T17:59:57.263] [DEBUG] cheese - login => username:linken,password:123456
[2020-01-26T17:59:57.263] [DEBUG] cheese - linken
[2020-01-26T17:59:57.266] [DEBUG] cheese - null
[2020-01-26T17:59:57.266] [DEBUG] cheese - null
[2020-01-26T17:59:59.567] [DEBUG] cheese - null
[2020-01-26T17:59:59.571] [DEBUG] cheese - null
[2020-01-26T18:00:00.669] [DEBUG] cheese - null
[2020-01-26T18:00:00.673] [DEBUG] cheese - null
[2020-01-26T18:00:01.722] [DEBUG] cheese - null
[2020-01-26T18:00:01.725] [DEBUG] cheese - null
[2020-01-26T18:00:12.566] [DEBUG] cheese - null
[2020-01-26T18:00:12.571] [DEBUG] cheese - null
[2020-01-26T18:00:13.701] [DEBUG] cheese - null
[2020-01-26T18:00:13.705] [DEBUG] cheese - null
[2020-01-26T18:00:20.653] [DEBUG] cheese - login => username:admin,password:123456
[2020-01-26T18:00:20.653] [DEBUG] cheese - admin
[2020-01-26T18:00:20.657] [DEBUG] cheese - null
[2020-01-26T18:00:20.657] [DEBUG] cheese - null
[2020-01-26T18:01:02.169] [DEBUG] cheese - login => username:admin,password:123456
[2020-01-26T18:01:02.169] [DEBUG] cheese - admin
[2020-01-26T18:01:02.174] [DEBUG] cheese - null
[2020-01-26T18:01:02.174] [DEBUG] cheese - null
[2020-01-26T18:01:11.646] [DEBUG] cheese - login => username:orders,password:123456
[2020-01-26T18:01:11.646] [DEBUG] cheese - orders
[2020-01-26T18:01:11.650] [DEBUG] cheese - null
[2020-01-26T18:01:11.650] [DEBUG] cheese - null
[2020-01-26T18:01:12.416] [DEBUG] cheese - login => username:orders,password:123456
[2020-01-26T18:01:12.416] [DEBUG] cheese - orders
[2020-01-26T18:01:12.421] [DEBUG] cheese - null
[2020-01-26T18:01:12.421] [DEBUG] cheese - null
[2020-01-26T18:01:12.616] [DEBUG] cheese - login => username:orders,password:123456
[2020-01-26T18:01:12.617] [DEBUG] cheese - orders
[2020-01-26T18:01:12.620] [DEBUG] cheese - null
[2020-01-26T18:01:12.621] [DEBUG] cheese - null
[2020-01-26T18:01:15.327] [DEBUG] cheese - login => username:admin,password:123456
[2020-01-26T18:01:15.327] [DEBUG] cheese - admin
[2020-01-26T18:01:15.331] [DEBUG] cheese - null
[2020-01-26T18:01:15.331] [DEBUG] cheese - null
[2020-01-26T22:01:29.107] [DEBUG] cheese - login => username:admin,password:123456
[2020-01-26T22:01:29.107] [DEBUG] cheese - admin
[2020-01-26T22:01:29.113] [DEBUG] cheese - null
[2020-01-26T22:01:29.113] [DEBUG] cheese - null
[2020-01-28T09:54:49.669] [DEBUG] cheese - login => username:admin,password:123456
[2020-01-28T09:54:49.671] [DEBUG] cheese - admin
[2020-01-28T09:54:49.689] [DEBUG] cheese - null
[2020-01-28T09:54:49.690] [DEBUG] cheese - null
[2020-01-28T09:59:40.428] [DEBUG] cheese - login => username:admin,password:123456
[2020-01-28T09:59:40.428] [DEBUG] cheese - admin
[2020-01-28T09:59:40.431] [DEBUG] cheese - null
[2020-01-28T09:59:40.431] [DEBUG] cheese - null
[2020-01-28T12:56:54.555] [DEBUG] cheese - login => username:admin,password:123456
[2020-01-28T12:56:54.555] [DEBUG] cheese - admin
[2020-01-28T12:56:54.558] [DEBUG] cheese - null
[2020-01-28T12:56:54.558] [DEBUG] cheese - null
[2020-01-29T14:09:05.931] [DEBUG] cheese - login => username:admin,password:123456
[2020-01-29T14:09:05.931] [DEBUG] cheese - admin
[2020-01-29T14:09:05.987] [DEBUG] cheese - null
[2020-01-29T14:09:05.987] [DEBUG] cheese - null
[2020-01-30T13:06:03.979] [DEBUG] cheese - login => username:admin,password:123456
[2020-01-30T13:06:03.981] [DEBUG] cheese - admin
[2020-01-30T13:06:03.998] [DEBUG] cheese - null
[2020-01-30T13:06:03.999] [DEBUG] cheese - null
[2020-01-31T15:04:41.057] [DEBUG] cheese - login => username:admin,password:123456
[2020-01-31T15:04:41.059] [DEBUG] cheese - admin
[2020-01-31T15:04:41.091] [DEBUG] cheese - null
[2020-01-31T15:04:41.091] [DEBUG] cheese - null
[2020-01-31T15:16:39.226] [DEBUG] cheese - login => username:admin,password:123456
[2020-01-31T15:16:39.226] [DEBUG] cheese - admin
[2020-01-31T15:16:39.230] [DEBUG] cheese - null
[2020-01-31T15:16:39.230] [DEBUG] cheese - null
[2020-01-31T15:16:57.411] [DEBUG] cheese - login => username:admin,password:123456
[2020-01-31T15:16:57.412] [DEBUG] cheese - admin
[2020-01-31T15:16:57.416] [DEBUG] cheese - null
[2020-01-31T15:16:57.416] [DEBUG] cheese - null
[2020-01-31T16:45:49.514] [DEBUG] cheese - null
[2020-02-01T15:19:52.934] [DEBUG] cheese - login => username:admin,password:123456
[2020-02-01T15:19:52.934] [DEBUG] cheese - admin
[2020-02-01T15:19:52.943] [DEBUG] cheese - null
[2020-02-01T15:19:52.943] [DEBUG] cheese - null
[2020-02-02T10:55:43.884] [DEBUG] cheese - login => username:admin,password:123456
[2020-02-02T10:55:43.884] [DEBUG] cheese - admin
[2020-02-02T10:55:43.887] [DEBUG] cheese - null
[2020-02-02T10:55:43.887] [DEBUG] cheese - null
[2020-02-02T12:23:43.455] [DEBUG] cheese - login => username:admin,password:123456
[2020-02-02T12:23:43.458] [DEBUG] cheese - admin
[2020-02-02T12:23:43.478] [DEBUG] cheese - null
[2020-02-02T12:23:43.478] [DEBUG] cheese - null
[2020-02-02T12:25:57.106] [DEBUG] cheese - login => username:admin,password:123456
[2020-02-02T12:25:57.106] [DEBUG] cheese - admin
[2020-02-02T12:25:57.112] [DEBUG] cheese - null
[2020-02-02T12:25:57.112] [DEBUG] cheese - null
[2020-02-02T12:27:41.624] [DEBUG] cheese - login => username:admin,password:123456
[2020-02-02T12:27:41.624] [DEBUG] cheese - admin
[2020-02-02T12:27:41.630] [DEBUG] cheese - null
[2020-02-02T12:27:41.630] [DEBUG] cheese - null
[2020-02-02T12:28:10.566] [DEBUG] cheese - login => username:admin5,password:123456
[2020-02-02T12:28:10.566] [DEBUG] cheese - admin5
[2020-02-02T12:28:10.570] [DEBUG] cheese - null
[2020-02-02T12:28:10.571] [DEBUG] cheese - null
[2020-02-02T12:28:31.941] [DEBUG] cheese - login => username:admin,password:123456
[2020-02-02T12:28:31.941] [DEBUG] cheese - admin
[2020-02-02T12:28:31.946] [DEBUG] cheese - null
[2020-02-02T12:28:31.946] [DEBUG] cheese - null
[2020-02-02T12:40:46.618] [DEBUG] cheese - login => username:admin,password:123456
[2020-02-02T12:40:46.619] [DEBUG] cheese - admin
[2020-02-02T12:40:46.622] [DEBUG] cheese - null
[2020-02-02T12:40:46.622] [DEBUG] cheese - null
[2020-02-02T12:47:25.040] [DEBUG] cheese - login => username:admin,password:123456
[2020-02-02T12:47:25.040] [DEBUG] cheese - admin
[2020-02-02T12:47:25.043] [DEBUG] cheese - null
[2020-02-02T12:47:25.043] [DEBUG] cheese - null
[2020-02-02T12:59:06.747] [DEBUG] cheese - login => username:admin,password:123456
[2020-02-02T12:59:06.750] [DEBUG] cheese - admin
[2020-02-02T12:59:06.762] [DEBUG] cheese - null
[2020-02-02T12:59:06.762] [DEBUG] cheese - null
[2020-02-02T13:42:31.266] [DEBUG] cheese - login => username:admin,password:123456
[2020-02-02T13:42:31.266] [DEBUG] cheese - admin
[2020-02-02T13:42:31.272] [DEBUG] cheese - null
[2020-02-02T13:42:31.273] [DEBUG] cheese - null
[2020-02-02T13:42:52.236] [DEBUG] cheese - login => username:admin,password:123456
[2020-02-02T13:42:52.237] [DEBUG] cheese - admin
[2020-02-02T13:42:52.241] [DEBUG] cheese - null
[2020-02-02T13:42:52.241] [DEBUG] cheese - null
[2020-02-02T13:43:22.373] [DEBUG] cheese - login => username:admin,password:123456
[2020-02-02T13:43:22.373] [DEBUG] cheese - admin
[2020-02-02T13:43:22.381] [DEBUG] cheese - null
[2020-02-02T13:43:22.382] [DEBUG] cheese - null
[2020-02-02T13:57:57.669] [DEBUG] cheese - login => username:admin,password:123456
[2020-02-02T13:57:57.669] [DEBUG] cheese - admin
[2020-02-02T13:57:57.675] [DEBUG] cheese - null
[2020-02-02T13:57:57.675] [DEBUG] cheese - null
[2020-02-02T14:01:00.834] [DEBUG] cheese - login => username:admin,password:123456
[2020-02-02T14:01:00.836] [DEBUG] cheese - admin
[2020-02-02T14:01:00.875] [DEBUG] cheese - null
[2020-02-02T14:01:00.876] [DEBUG] cheese - null
[2020-02-02T14:28:33.260] [DEBUG] cheese - login => username:admin,password:123456
[2020-02-02T14:28:33.260] [DEBUG] cheese - admin
[2020-02-02T14:28:33.263] [DEBUG] cheese - null
[2020-02-02T14:28:33.263] [DEBUG] cheese - null
[2020-02-02T14:35:49.467] [DEBUG] cheese - login => username:admin,password:123456
[2020-02-02T14:35:49.467] [DEBUG] cheese - admin
[2020-02-02T14:35:49.470] [DEBUG] cheese - null
[2020-02-02T14:35:49.470] [DEBUG] cheese - null
[2020-02-02T15:29:21.354] [DEBUG] cheese - login => username:admin,password:123456
[2020-02-02T15:29:21.354] [DEBUG] cheese - admin
[2020-02-02T15:29:21.363] [DEBUG] cheese - null
[2020-02-02T15:29:21.363] [DEBUG] cheese - null
[2020-02-02T15:34:42.350] [DEBUG] cheese - login => username:admin,password:123456
[2020-02-02T15:34:42.350] [DEBUG] cheese - admin
[2020-02-02T15:34:42.352] [DEBUG] cheese - null
[2020-02-02T15:34:42.353] [DEBUG] cheese - null
[2020-02-02T16:01:32.433] [DEBUG] cheese - login => username:admin,password:123456
[2020-02-02T16:01:32.433] [DEBUG] cheese - admin
[2020-02-02T16:01:32.435] [DEBUG] cheese - null
[2020-02-02T16:01:32.435] [DEBUG] cheese - null
[2020-02-02T16:11:20.413] [DEBUG] cheese - login => username:admin,password:123456
[2020-02-02T16:11:20.413] [DEBUG] cheese - admin
[2020-02-02T16:11:20.414] [DEBUG] cheese - null
[2020-02-02T16:11:20.414] [DEBUG] cheese - null
[2020-02-05T13:54:07.684] [DEBUG] cheese - login => username:admin,password:123456
[2020-02-05T13:54:07.685] [DEBUG] cheese - admin
[2020-02-05T13:54:07.719] [DEBUG] cheese - null
[2020-02-05T13:54:07.719] [DEBUG] cheese - null
[2020-02-14T17:01:46.873] [DEBUG] cheese - login => username:admin,password:123456
[2020-02-14T17:01:46.876] [DEBUG] cheese - admin
[2020-02-14T17:01:46.900] [DEBUG] cheese - null
[2020-02-14T17:01:46.901] [DEBUG] cheese - null
[2020-02-14T17:50:21.591] [DEBUG] cheese - login => username:admin,password:123456
[2020-02-14T17:50:21.594] [DEBUG] cheese - admin
[2020-02-14T17:50:21.604] [DEBUG] cheese - null
[2020-02-14T17:50:21.604] [DEBUG] cheese - null
[2020-02-14T17:51:46.243] [DEBUG] cheese - login => username:report,password:123456
[2020-02-14T17:51:46.244] [DEBUG] cheese - report
[2020-02-14T17:51:46.247] [DEBUG] cheese - null
[2020-02-14T17:51:46.247] [DEBUG] cheese - null
[2020-02-14T17:51:51.927] [DEBUG] cheese - login => username:admin,password:123456
[2020-02-14T17:51:51.928] [DEBUG] cheese - admin
[2020-02-14T17:51:51.930] [DEBUG] cheese - null
[2020-02-14T17:51:51.930] [DEBUG] cheese - null
[2020-02-14T17:53:05.427] [DEBUG] cheese - login => username:author,password:123456
[2020-02-14T17:53:05.427] [DEBUG] cheese - author
[2020-02-14T17:53:05.429] [DEBUG] cheese - null
[2020-02-14T17:53:05.429] [DEBUG] cheese - null
[2020-02-14T17:53:07.947] [DEBUG] cheese - null
[2020-02-14T17:53:07.949] [DEBUG] cheese - null
[2020-02-14T17:53:13.294] [DEBUG] cheese - null
[2020-02-14T17:53:13.296] [DEBUG] cheese - null
[2020-02-14T17:53:14.599] [DEBUG] cheese - null
[2020-02-14T17:53:14.601] [DEBUG] cheese - null
[2020-02-14T17:53:23.043] [DEBUG] cheese - login => username:admin,password:123456
[2020-02-14T17:53:23.043] [DEBUG] cheese - admin
[2020-02-14T17:53:23.045] [DEBUG] cheese - null
[2020-02-14T17:53:23.045] [DEBUG] cheese - null
[2020-02-15T13:35:26.258] [DEBUG] cheese - login => username:admin,password:123456
[2020-02-15T13:35:26.259] [DEBUG] cheese - admin
[2020-02-15T13:35:26.261] [DEBUG] cheese - null
[2020-02-15T13:35:26.261] [DEBUG] cheese - null
[2020-02-16T12:38:14.875] [DEBUG] cheese - login => username:admin,password:123456
[2020-02-16T12:38:14.875] [DEBUG] cheese - admin
[2020-02-16T12:38:14.885] [DEBUG] cheese - null
[2020-02-16T12:38:14.885] [DEBUG] cheese - null
[2020-02-19T12:23:52.880] [DEBUG] cheese - login => username:admin,password:123456
[2020-02-19T12:23:52.880] [DEBUG] cheese - admin
[2020-02-19T12:23:52.886] [DEBUG] cheese - null
[2020-02-19T12:23:52.887] [DEBUG] cheese - null
[2020-02-19T12:26:17.173] [DEBUG] cheese - login => username:admin,password:123456
[2020-02-19T12:26:17.173] [DEBUG] cheese - admin
[2020-02-19T12:26:17.176] [DEBUG] cheese - null
[2020-02-19T12:26:17.176] [DEBUG] cheese - null
[2020-02-19T12:27:14.420] [DEBUG] cheese - login => username:admin,password:123456
[2020-02-19T12:27:14.420] [DEBUG] cheese - admin
[2020-02-19T12:27:14.422] [DEBUG] cheese - null
[2020-02-19T12:27:14.423] [DEBUG] cheese - null
[2020-02-25T03:10:46.626] [DEBUG] cheese - login => username:admin,password:123456
[2020-02-25T03:10:46.629] [DEBUG] cheese - admin
[2020-02-25T03:10:46.663] [DEBUG] cheese - null
[2020-02-25T03:10:46.663] [DEBUG] cheese - null
[2020-02-25T03:12:31.943] [DEBUG] cheese - login => username:goods,password:123456
[2020-02-25T03:12:31.943] [DEBUG] cheese - goods
[2020-02-25T03:12:31.945] [DEBUG] cheese - null
[2020-02-25T03:12:31.945] [DEBUG] cheese - null
[2020-02-25T03:12:34.412] [DEBUG] cheese - login => username:admin,password:123456
[2020-02-25T03:12:34.412] [DEBUG] cheese - admin
[2020-02-25T03:12:34.415] [DEBUG] cheese - null
[2020-02-25T03:12:34.415] [DEBUG] cheese - null
[2020-02-25T03:12:53.832] [DEBUG] cheese - login => username:good,password:123456
[2020-02-25T03:12:53.832] [DEBUG] cheese - good
[2020-02-25T03:12:53.835] [DEBUG] cheese - null
[2020-02-25T03:12:53.835] [DEBUG] cheese - null
[2020-02-25T03:13:04.899] [DEBUG] cheese - login => username:goods,password:123456
[2020-02-25T03:13:04.899] [DEBUG] cheese - goods
[2020-02-25T03:13:04.901] [DEBUG] cheese - null
[2020-02-25T03:13:04.901] [DEBUG] cheese - null
[2020-02-25T03:13:08.296] [DEBUG] cheese - null
[2020-02-25T03:13:08.298] [DEBUG] cheese - null
[2020-02-25T03:13:24.035] [DEBUG] cheese - null
[2020-02-25T03:13:24.038] [DEBUG] cheese - null
[2020-02-25T03:13:28.201] [DEBUG] cheese - null
[2020-02-25T03:13:28.203] [DEBUG] cheese - null
[2020-02-25T03:13:51.407] [DEBUG] cheese - null
[2020-02-25T03:13:51.410] [DEBUG] cheese - null
[2020-02-25T03:13:56.478] [DEBUG] cheese - null
[2020-02-25T03:13:56.480] [DEBUG] cheese - null
[2020-02-25T03:13:59.727] [DEBUG] cheese - null
[2020-02-25T03:13:59.729] [DEBUG] cheese - null
[2020-02-25T03:14:04.221] [DEBUG] cheese - null
[2020-02-25T03:14:04.224] [DEBUG] cheese - null
[2020-02-25T03:14:04.272] [DEBUG] cheese - null
[2020-02-25T03:14:04.273] [DEBUG] cheese - null
[2020-02-25T03:14:12.593] [DEBUG] cheese - login => username:goods,password:123456
[2020-02-25T03:14:12.593] [DEBUG] cheese - goods
[2020-02-25T03:14:12.596] [DEBUG] cheese - null
[2020-02-25T03:14:12.596] [DEBUG] cheese - null
[2020-02-25T03:14:15.186] [DEBUG] cheese - null
[2020-02-25T03:14:15.188] [DEBUG] cheese - null
[2020-02-25T03:14:16.064] [DEBUG] cheese - null
[2020-02-25T03:14:16.065] [DEBUG] cheese - null
[2020-02-25T03:14:17.239] [DEBUG] cheese - null
[2020-02-25T03:14:17.241] [DEBUG] cheese - null
[2020-02-25T03:14:23.251] [DEBUG] cheese - login => username:admin,password:123456
[2020-02-25T03:14:23.251] [DEBUG] cheese - admin
[2020-02-25T03:14:23.253] [DEBUG] cheese - null
[2020-02-25T03:14:23.253] [DEBUG] cheese - null
[2020-02-25T03:16:13.919] [DEBUG] cheese - login => username:goods,password:123456
[2020-02-25T03:16:13.919] [DEBUG] cheese - goods
[2020-02-25T03:16:13.920] [DEBUG] cheese - null
[2020-02-25T03:16:13.921] [DEBUG] cheese - null
[2020-02-25T03:16:17.235] [DEBUG] cheese - null
[2020-02-25T03:16:17.236] [DEBUG] cheese - null
[2020-02-25T03:16:20.234] [DEBUG] cheese - null
[2020-02-25T03:16:20.239] [DEBUG] cheese - null
[2020-02-25T03:16:21.420] [DEBUG] cheese - null
[2020-02-25T03:16:21.427] [DEBUG] cheese - null
[2020-02-25T03:16:28.501] [DEBUG] cheese - login => username:admin,password:123456
[2020-02-25T03:16:28.502] [DEBUG] cheese - admin
[2020-02-25T03:16:28.513] [DEBUG] cheese - null
[2020-02-25T03:16:28.513] [DEBUG] cheese - null
[2020-02-25T03:23:35.712] [DEBUG] cheese - login => username:admin,password:123456
[2020-02-25T03:23:35.712] [DEBUG] cheese - admin
[2020-02-25T03:23:35.715] [DEBUG] cheese - null
[2020-02-25T03:23:35.715] [DEBUG] cheese - null
[2020-02-25T03:25:38.822] [DEBUG] cheese - null
[2020-02-25T03:26:05.449] [DEBUG] cheese - login => username:linken,password:123456
[2020-02-25T03:26:05.450] [DEBUG] cheese - linken
[2020-02-25T03:26:05.451] [DEBUG] cheese - null
[2020-02-25T03:26:05.451] [DEBUG] cheese - null
[2020-02-25T03:26:07.914] [DEBUG] cheese - null
[2020-02-25T03:26:12.458] [DEBUG] cheese - null
[2020-02-25T03:26:18.375] [DEBUG] cheese - null
[2020-02-25T03:26:18.377] [DEBUG] cheese - null
[2020-02-25T03:26:21.334] [DEBUG] cheese - null
[2020-02-25T03:26:21.335] [DEBUG] cheese - null
[2020-02-25T03:26:22.151] [DEBUG] cheese - null
[2020-02-25T03:26:22.153] [DEBUG] cheese - null
[2020-02-25T03:26:22.799] [DEBUG] cheese - null
[2020-02-25T03:26:22.801] [DEBUG] cheese - null
[2020-02-25T03:26:25.970] [DEBUG] cheese - login => username:admin,password:123456
[2020-02-25T03:26:25.970] [DEBUG] cheese - admin
[2020-02-25T03:26:25.972] [DEBUG] cheese - null
[2020-02-25T03:26:25.972] [DEBUG] cheese - null
[2020-02-25T03:44:58.658] [DEBUG] cheese - login => username:admin,password:123456
[2020-02-25T03:44:58.658] [DEBUG] cheese - admin
[2020-02-25T03:44:58.660] [DEBUG] cheese - null
[2020-02-25T03:44:58.660] [DEBUG] cheese - null
[2020-02-25T09:35:09.360] [DEBUG] cheese - login => username:admin,password:123456
[2020-02-25T09:35:09.360] [DEBUG] cheese - admin
[2020-02-25T09:35:09.361] [DEBUG] cheese - null
[2020-02-25T09:35:09.361] [DEBUG] cheese - null
[2020-02-25T09:35:20.332] [DEBUG] cheese - login => username:goods,password:123456
[2020-02-25T09:35:20.333] [DEBUG] cheese - goods
[2020-02-25T09:35:20.335] [DEBUG] cheese - null
[2020-02-25T09:35:20.335] [DEBUG] cheese - null
[2020-02-25T09:35:22.817] [DEBUG] cheese - null
[2020-02-25T09:35:22.819] [DEBUG] cheese - null
[2020-02-25T09:35:23.402] [DEBUG] cheese - null
[2020-02-25T09:35:23.404] [DEBUG] cheese - null
[2020-02-25T09:35:31.430] [DEBUG] cheese - login => username:author,password:123456
[2020-02-25T09:35:31.430] [DEBUG] cheese - author
[2020-02-25T09:35:31.432] [DEBUG] cheese - null
[2020-02-25T09:35:31.432] [DEBUG] cheese - null
[2020-02-25T09:35:33.625] [DEBUG] cheese - null
[2020-02-25T09:35:33.626] [DEBUG] cheese - null
[2020-02-25T09:35:34.109] [DEBUG] cheese - null
[2020-02-25T09:35:34.110] [DEBUG] cheese - null
[2020-02-25T09:36:07.230] [DEBUG] cheese - login => username:admin,password:123456
[2020-02-25T09:36:07.230] [DEBUG] cheese - admin
[2020-02-25T09:36:07.233] [DEBUG] cheese - null
[2020-02-25T09:36:07.233] [DEBUG] cheese - null
[2020-02-25T09:36:57.448] [DEBUG] cheese - login => username:test,password:123456
[2020-02-25T09:36:57.448] [DEBUG] cheese - test
[2020-02-25T09:36:57.450] [DEBUG] cheese - null
[2020-02-25T09:36:57.451] [DEBUG] cheese - null
[2020-02-25T09:36:59.390] [DEBUG] cheese - login => username:admin,password:123456
[2020-02-25T09:36:59.390] [DEBUG] cheese - admin
[2020-02-25T09:36:59.392] [DEBUG] cheese - null
[2020-02-25T09:36:59.392] [DEBUG] cheese - null
[2020-02-25T09:37:20.461] [DEBUG] cheese - login => username:test,password:123456
[2020-02-25T09:37:20.461] [DEBUG] cheese - test
[2020-02-25T09:37:20.463] [DEBUG] cheese - null
[2020-02-25T09:37:20.463] [DEBUG] cheese - null
[2020-02-25T09:37:22.733] [DEBUG] cheese - null
[2020-02-25T09:37:22.734] [DEBUG] cheese - null
[2020-02-25T09:37:26.423] [DEBUG] cheese - login => username:admin,password:123456
[2020-02-25T09:37:26.424] [DEBUG] cheese - admin
[2020-02-25T09:37:26.425] [DEBUG] cheese - null
[2020-02-25T09:37:26.425] [DEBUG] cheese - null
[2020-02-25T09:37:34.639] [DEBUG] cheese - null
[2020-02-25T09:37:38.764] [DEBUG] cheese - null
[2020-02-25T09:37:44.419] [DEBUG] cheese - login => username:test,password:123456
[2020-02-25T09:37:44.419] [DEBUG] cheese - test
[2020-02-25T09:37:44.422] [DEBUG] cheese - null
[2020-02-25T09:37:44.422] [DEBUG] cheese - null
[2020-02-25T09:52:10.526] [DEBUG] cheese - null
[2020-02-25T09:52:10.528] [DEBUG] cheese - null
[2020-02-25T09:52:11.905] [DEBUG] cheese - null
[2020-02-25T09:52:11.906] [DEBUG] cheese - null
[2020-02-25T09:52:13.187] [DEBUG] cheese - null
[2020-02-25T09:52:13.189] [DEBUG] cheese - null
[2020-02-25T09:52:15.056] [DEBUG] cheese - null
[2020-02-25T09:52:15.057] [DEBUG] cheese - null
[2020-02-25T09:52:25.023] [DEBUG] cheese - null
[2020-02-25T09:52:25.024] [DEBUG] cheese - null
[2020-02-25T09:52:26.311] [DEBUG] cheese - null
[2020-02-25T09:52:26.312] [DEBUG] cheese - null
[2020-03-08T23:33:06.424] [DEBUG] cheese - login => username:admin,password:123456
[2020-03-08T23:33:06.428] [DEBUG] cheese - admin
[2020-03-08T23:33:06.483] [DEBUG] cheese - null
[2020-03-08T23:33:06.484] [DEBUG] cheese - null
[2020-03-08T23:33:18.033] [DEBUG] cheese - login => username:admin,password:123456
[2020-03-08T23:33:18.033] [DEBUG] cheese - admin
[2020-03-08T23:33:18.039] [DEBUG] cheese - null
[2020-03-08T23:33:18.039] [DEBUG] cheese - null
[2020-05-10T14:25:31.868] [DEBUG] cheese - login => username:admin,password:123456
[2020-05-10T14:25:31.870] [DEBUG] cheese - admin
[2020-05-10T14:25:31.873] [DEBUG] cheese - null
[2020-05-10T14:25:31.874] [DEBUG] cheese - null
[2020-05-10T15:07:35.379] [DEBUG] cheese - login => username:admin,password:123456
[2020-05-10T15:07:35.380] [DEBUG] cheese - admin
[2020-05-10T15:07:35.383] [DEBUG] cheese - null
[2020-05-10T15:07:35.384] [DEBUG] cheese - null
[2020-05-10T19:03:52.723] [DEBUG] cheese - null
[2020-05-10T20:19:05.862] [DEBUG] cheese - null
[2020-05-10T20:19:08.042] [DEBUG] cheese - null
[2020-05-10T20:19:14.916] [DEBUG] cheese - null
[2020-05-10T20:20:50.707] [DEBUG] cheese - null
[2020-05-10T20:34:35.234] [DEBUG] cheese - null
[2020-05-10T21:08:59.662] [DEBUG] cheese - null
[2020-05-10T21:09:16.626] [DEBUG] cheese - null
[2020-05-10T21:15:11.631] [DEBUG] cheese - login => username:admin,password:123456
[2020-05-10T21:15:11.631] [DEBUG] cheese - admin
[2020-05-10T21:15:11.642] [DEBUG] cheese - null
[2020-05-10T21:15:11.642] [DEBUG] cheese - null
[2020-05-10T21:15:41.909] [DEBUG] cheese - null
[2020-05-10T21:18:11.022] [DEBUG] cheese - null
[2020-05-10T21:20:39.783] [DEBUG] cheese - null
[2020-05-10T21:20:45.997] [DEBUG] cheese - null
[2020-05-10T21:20:50.276] [DEBUG] cheese - null
[2020-05-10T21:21:09.950] [DEBUG] cheese - null
[2020-05-10T21:21:39.098] [DEBUG] cheese - null
[2020-05-10T21:21:57.069] [DEBUG] cheese - null
[2020-05-10T21:22:59.172] [DEBUG] cheese - null
[2020-05-10T21:23:19.060] [DEBUG] cheese - null
[2020-05-10T21:23:22.356] [DEBUG] cheese - null
[2020-05-10T21:24:14.849] [DEBUG] cheese - null
[2020-05-11T18:50:51.339] [DEBUG] cheese - login => username:admin,password:123456
[2020-05-11T18:50:51.341] [DEBUG] cheese - admin
[2020-05-11T18:50:51.399] [DEBUG] cheese - null
[2020-05-11T18:50:51.399] [DEBUG] cheese - null
[2020-05-11T19:11:07.509] [DEBUG] cheese - login => username:admin,password:123456
[2020-05-11T19:11:07.509] [DEBUG] cheese - admin
[2020-05-11T19:11:07.512] [DEBUG] cheese - null
[2020-05-11T19:11:07.513] [DEBUG] cheese - null
[2020-05-11T19:14:58.951] [DEBUG] cheese - login => username:admin,password:123456
[2020-05-11T19:14:58.951] [DEBUG] cheese - admin
[2020-05-11T19:14:58.955] [DEBUG] cheese - null
[2020-05-11T19:14:58.955] [DEBUG] cheese - null
[2020-05-11T19:15:12.212] [DEBUG] cheese - login => username:admin,password:123456
[2020-05-11T19:15:12.212] [DEBUG] cheese - admin
[2020-05-11T19:15:12.214] [DEBUG] cheese - null
[2020-05-11T19:15:12.214] [DEBUG] cheese - null
[2020-05-11T19:17:08.497] [DEBUG] cheese - null
[2021-07-22T11:07:05.903] [DEBUG] cheese - login => username:zs,password:123456
[2021-07-22T11:07:05.908] [DEBUG] cheese - zs
[2021-07-22T11:07:05.959] [DEBUG] cheese - null
[2021-07-22T11:07:05.960] [DEBUG] cheese - null
[2021-07-22T11:11:11.583] [DEBUG] cheese - login => username:zs,password:123456
[2021-07-22T11:11:11.584] [DEBUG] cheese - zs
[2021-07-22T11:11:11.645] [DEBUG] cheese - null
[2021-07-22T11:11:11.645] [DEBUG] cheese - null
[2021-07-22T11:12:03.851] [DEBUG] cheese - login => username:zs,password:123456
[2021-07-22T11:12:03.851] [DEBUG] cheese - zs
[2021-07-22T11:12:03.868] [DEBUG] cheese - null
[2021-07-22T11:12:03.868] [DEBUG] cheese - null
[2021-07-22T11:12:08.072] [DEBUG] cheese - login => username:zs,password:123456
[2021-07-22T11:12:08.073] [DEBUG] cheese - zs
[2021-07-22T11:12:08.081] [DEBUG] cheese - null
[2021-07-22T11:12:08.081] [DEBUG] cheese - null
[2021-07-22T11:12:25.264] [DEBUG] cheese - login => username:zs,password:123456
[2021-07-22T11:12:25.265] [DEBUG] cheese - zs
[2021-07-22T11:12:25.281] [DEBUG] cheese - null
[2021-07-22T11:12:25.281] [DEBUG] cheese - null
[2021-07-22T11:12:41.571] [DEBUG] cheese - login => username:zs,password:123456
[2021-07-22T11:12:41.571] [DEBUG] cheese - zs
[2021-07-22T11:12:41.576] [DEBUG] cheese - null
[2021-07-22T11:12:41.576] [DEBUG] cheese - null
[2021-07-22T11:20:44.539] [DEBUG] cheese - login => username:zs,password:123456
[2021-07-22T11:20:44.540] [DEBUG] cheese - zs
[2021-07-22T11:20:44.561] [DEBUG] cheese - null
[2021-07-22T11:20:44.561] [DEBUG] cheese - null
[2021-07-22T11:21:09.785] [DEBUG] cheese - login => username:admin,password:123456
[2021-07-22T11:21:09.785] [DEBUG] cheese - admin
[2021-07-22T11:21:09.819] [DEBUG] cheese - null
[2021-07-22T11:21:09.819] [DEBUG] cheese - null
[2021-07-23T10:21:27.922] [DEBUG] cheese - login => username:zs1,password:123132123
[2021-07-23T10:21:27.926] [DEBUG] cheese - zs1
[2021-07-23T10:21:27.973] [DEBUG] cheese - null
[2021-07-23T10:21:27.974] [DEBUG] cheese - null
[2021-07-23T10:22:50.301] [DEBUG] cheese - login => username:zsaf,password:123fafdasdf
[2021-07-23T10:22:50.301] [DEBUG] cheese - zsaf
[2021-07-23T10:22:50.312] [DEBUG] cheese - null
[2021-07-23T10:22:50.312] [DEBUG] cheese - null
[2021-07-23T10:24:42.543] [DEBUG] cheese - login => username:zs1,password:123111
[2021-07-23T10:24:42.543] [DEBUG] cheese - zs1
[2021-07-23T10:24:42.549] [DEBUG] cheese - null
[2021-07-23T10:24:42.550] [DEBUG] cheese - null
[2021-07-23T10:25:21.793] [DEBUG] cheese - login => username:zs111,password:11111111
[2021-07-23T10:25:21.794] [DEBUG] cheese - zs111
[2021-07-23T10:25:21.803] [DEBUG] cheese - null
[2021-07-23T10:25:21.803] [DEBUG] cheese - null
[2021-07-23T10:26:13.240] [DEBUG] cheese - login => username:zs1,password:123111
[2021-07-23T10:26:13.240] [DEBUG] cheese - zs1
[2021-07-23T10:26:13.278] [DEBUG] cheese - null
[2021-07-23T10:26:13.279] [DEBUG] cheese - null
[2021-07-23T10:27:22.117] [DEBUG] cheese - login => username:zs1,password:123111
[2021-07-23T10:27:22.118] [DEBUG] cheese - zs1
[2021-07-23T10:27:22.126] [DEBUG] cheese - null
[2021-07-23T10:27:22.126] [DEBUG] cheese - null
[2021-07-23T10:28:04.584] [DEBUG] cheese - login => username:zs1,password:1231111
[2021-07-23T10:28:04.584] [DEBUG] cheese - zs1
[2021-07-23T10:28:04.588] [DEBUG] cheese - null
[2021-07-23T10:28:04.589] [DEBUG] cheese - null
[2021-07-23T10:28:42.551] [DEBUG] cheese - login => username:zs11,password:1231111
[2021-07-23T10:28:42.551] [DEBUG] cheese - zs11
[2021-07-23T10:28:42.557] [DEBUG] cheese - null
[2021-07-23T10:28:42.557] [DEBUG] cheese - null
[2021-07-23T10:29:16.904] [DEBUG] cheese - login => username:zsqqq,password:12311111
[2021-07-23T10:29:16.906] [DEBUG] cheese - zsqqq
[2021-07-23T10:29:16.909] [DEBUG] cheese - null
[2021-07-23T10:29:16.910] [DEBUG] cheese - null
[2021-07-23T10:32:29.688] [DEBUG] cheese - login => username:zs111,password:1232123
[2021-07-23T10:32:29.688] [DEBUG] cheese - zs111
[2021-07-23T10:32:29.701] [DEBUG] cheese - null
[2021-07-23T10:32:29.702] [DEBUG] cheese - null
[2021-07-23T10:32:53.409] [DEBUG] cheese - login => username:admin,password:123456
[2021-07-23T10:32:53.409] [DEBUG] cheese - admin
[2021-07-23T10:32:53.418] [DEBUG] cheese - null
[2021-07-23T10:32:53.418] [DEBUG] cheese - null
[2021-07-23T11:14:40.218] [DEBUG] cheese - login => username:zs11,password:123111
[2021-07-23T11:14:40.219] [DEBUG] cheese - zs11
[2021-07-23T11:14:40.235] [DEBUG] cheese - null
[2021-07-23T11:14:40.235] [DEBUG] cheese - null
[2021-07-23T11:15:13.792] [DEBUG] cheese - login => username:zs11,password:1231111
[2021-07-23T11:15:13.793] [DEBUG] cheese - zs11
[2021-07-23T11:15:13.802] [DEBUG] cheese - null
[2021-07-23T11:15:13.803] [DEBUG] cheese - null
[2021-07-23T11:15:49.894] [DEBUG] cheese - login => username:zs11,password:123111
[2021-07-23T11:15:49.894] [DEBUG] cheese - zs11
[2021-07-23T11:15:49.897] [DEBUG] cheese - null
[2021-07-23T11:15:49.897] [DEBUG] cheese - null
[2021-07-23T11:16:04.607] [DEBUG] cheese - login => username:zs11,password:123111
[2021-07-23T11:16:04.607] [DEBUG] cheese - zs11
[2021-07-23T11:16:04.612] [DEBUG] cheese - null
[2021-07-23T11:16:04.613] [DEBUG] cheese - null
[2021-07-23T11:19:11.258] [DEBUG] cheese - login => username:zs12,password:123111
[2021-07-23T11:19:11.258] [DEBUG] cheese - zs12
[2021-07-23T11:19:11.272] [DEBUG] cheese - null
[2021-07-23T11:19:11.272] [DEBUG] cheese - null
[2021-07-23T11:19:24.974] [DEBUG] cheese - login => username:admin,password:123123
[2021-07-23T11:19:24.974] [DEBUG] cheese - admin
[2021-07-23T11:19:24.983] [DEBUG] cheese - null
[2021-07-23T11:19:24.983] [DEBUG] cheese - null
[2021-07-23T11:19:30.718] [DEBUG] cheese - login => username:admin,password:123456
[2021-07-23T11:19:30.718] [DEBUG] cheese - admin
[2021-07-23T11:19:30.722] [DEBUG] cheese - null
[2021-07-23T11:19:30.723] [DEBUG] cheese - null
[2021-07-23T19:22:14.184] [DEBUG] cheese - login => username:admin,password:123456
[2021-07-23T19:22:14.185] [DEBUG] cheese - admin
[2021-07-23T19:22:14.204] [DEBUG] cheese - null
[2021-07-23T19:22:14.204] [DEBUG] cheese - null
[2021-07-23T19:25:02.307] [DEBUG] cheese - login => username:admin,password:123456
[2021-07-23T19:25:02.307] [DEBUG] cheese - admin
[2021-07-23T19:25:02.324] [DEBUG] cheese - null
[2021-07-23T19:25:02.325] [DEBUG] cheese - null
[2021-07-23T19:25:58.209] [DEBUG] cheese - login => username:admin,password:123456
[2021-07-23T19:25:58.209] [DEBUG] cheese - admin
[2021-07-23T19:25:58.213] [DEBUG] cheese - null
[2021-07-23T19:25:58.213] [DEBUG] cheese - null
[2021-07-23T19:26:20.358] [DEBUG] cheese - login => username:admin,password:123456
[2021-07-23T19:26:20.358] [DEBUG] cheese - admin
[2021-07-23T19:26:20.365] [DEBUG] cheese - null
[2021-07-23T19:26:20.366] [DEBUG] cheese - null
[2021-07-23T19:26:39.576] [DEBUG] cheese - login => username:admin,password:123456
[2021-07-23T19:26:39.576] [DEBUG] cheese - admin
[2021-07-23T19:26:39.582] [DEBUG] cheese - null
[2021-07-23T19:26:39.582] [DEBUG] cheese - null
[2021-07-23T19:27:20.721] [DEBUG] cheese - login => username:admin,password:123456
[2021-07-23T19:27:20.721] [DEBUG] cheese - admin
[2021-07-23T19:27:20.726] [DEBUG] cheese - null
[2021-07-23T19:27:20.726] [DEBUG] cheese - null
[2021-07-23T19:27:28.658] [DEBUG] cheese - login => username:admin,password:123456
[2021-07-23T19:27:28.658] [DEBUG] cheese - admin
[2021-07-23T19:27:28.662] [DEBUG] cheese - null
[2021-07-23T19:27:28.662] [DEBUG] cheese - null
[2021-07-23T19:29:22.635] [DEBUG] cheese - login => username:admin,password:123456
[2021-07-23T19:29:22.635] [DEBUG] cheese - admin
[2021-07-23T19:29:22.639] [DEBUG] cheese - null
[2021-07-23T19:29:22.640] [DEBUG] cheese - null
[2021-07-23T19:36:58.519] [DEBUG] cheese - login => username:admin,password:123456
[2021-07-23T19:36:58.520] [DEBUG] cheese - admin
[2021-07-23T19:36:58.540] [DEBUG] cheese - null
[2021-07-23T19:36:58.540] [DEBUG] cheese - null
[2021-07-23T19:51:22.786] [DEBUG] cheese - login => username:admin,password:123456
[2021-07-23T19:51:22.787] [DEBUG] cheese - admin
[2021-07-23T19:51:22.800] [DEBUG] cheese - null
[2021-07-23T19:51:22.801] [DEBUG] cheese - null
[2021-07-23T20:04:12.399] [DEBUG] cheese - login => username:admin,password:123456
[2021-07-23T20:04:12.399] [DEBUG] cheese - admin
[2021-07-23T20:04:12.414] [DEBUG] cheese - null
[2021-07-23T20:04:12.414] [DEBUG] cheese - null
[2021-07-23T20:47:56.850] [DEBUG] cheese - login => username:admin,password:123456
[2021-07-23T20:47:56.851] [DEBUG] cheese - admin
[2021-07-23T20:47:56.870] [DEBUG] cheese - null
[2021-07-23T20:47:56.870] [DEBUG] cheese - null
[2021-07-23T20:48:00.695] [DEBUG] cheese - login => username:admin,password:123456
[2021-07-23T20:48:00.695] [DEBUG] cheese - admin
[2021-07-23T20:48:00.704] [DEBUG] cheese - null
[2021-07-23T20:48:00.704] [DEBUG] cheese - null
[2021-07-23T20:48:04.391] [DEBUG] cheese - login => username:admin,password:123456
[2021-07-23T20:48:04.392] [DEBUG] cheese - admin
[2021-07-23T20:48:04.396] [DEBUG] cheese - null
[2021-07-23T20:48:04.396] [DEBUG] cheese - null
[2021-07-23T22:09:20.440] [DEBUG] cheese - login => username:admin,password:123456
[2021-07-23T22:09:20.441] [DEBUG] cheese - admin
[2021-07-23T22:09:20.480] [DEBUG] cheese - null
[2021-07-23T22:09:20.481] [DEBUG] cheese - null
[2021-07-23T22:09:50.606] [DEBUG] cheese - login => username:admin,password:123456
[2021-07-23T22:09:50.606] [DEBUG] cheese - admin
[2021-07-23T22:09:50.616] [DEBUG] cheese - null
[2021-07-23T22:09:50.616] [DEBUG] cheese - null
[2021-07-23T22:58:36.113] [DEBUG] cheese - login => username:admin,password:123456
[2021-07-23T22:58:36.113] [DEBUG] cheese - admin
[2021-07-23T22:58:36.131] [DEBUG] cheese - null
[2021-07-23T22:58:36.131] [DEBUG] cheese - null
[2021-07-24T16:27:03.884] [DEBUG] cheese - login => username:admin,password:123456
[2021-07-24T16:27:03.887] [DEBUG] cheese - admin
[2021-07-24T16:27:03.966] [DEBUG] cheese - null
[2021-07-24T16:27:03.968] [DEBUG] cheese - null
[2021-07-25T10:33:21.832] [DEBUG] cheese - login => username:zs1,password:123123
[2021-07-25T10:33:21.841] [DEBUG] cheese - zs1
[2021-07-25T10:33:22.512] [DEBUG] cheese - null
[2021-07-25T10:33:22.513] [DEBUG] cheese - null
[2021-07-25T10:36:42.397] [DEBUG] cheese - login => username:zs1,password:123123
[2021-07-25T10:36:42.397] [DEBUG] cheese - zs1
[2021-07-25T10:36:42.410] [DEBUG] cheese - null
[2021-07-25T10:36:42.411] [DEBUG] cheese - null
[2021-07-25T10:37:50.969] [DEBUG] cheese - login => username:zs1,password:1231312
[2021-07-25T10:37:50.969] [DEBUG] cheese - zs1
[2021-07-25T10:37:50.975] [DEBUG] cheese - null
[2021-07-25T10:37:50.975] [DEBUG] cheese - null
[2021-07-25T10:38:10.729] [DEBUG] cheese - login => username:zs1,password:1231312
[2021-07-25T10:38:10.729] [DEBUG] cheese - zs1
[2021-07-25T10:38:10.785] [DEBUG] cheese - null
[2021-07-25T10:38:10.785] [DEBUG] cheese - null
[2021-07-25T10:38:21.765] [DEBUG] cheese - login => username:zs1,password:123123
[2021-07-25T10:38:21.766] [DEBUG] cheese - zs1
[2021-07-25T10:38:21.770] [DEBUG] cheese - null
[2021-07-25T10:38:21.770] [DEBUG] cheese - null
[2021-07-25T10:41:36.141] [DEBUG] cheese - login => username:zs1,password:123123
[2021-07-25T10:41:36.142] [DEBUG] cheese - zs1
[2021-07-25T10:41:36.159] [DEBUG] cheese - null
[2021-07-25T10:41:36.159] [DEBUG] cheese - null
[2021-07-25T10:41:56.356] [DEBUG] cheese - login => username:zs1,password:123123
[2021-07-25T10:41:56.356] [DEBUG] cheese - zs1
[2021-07-25T10:41:56.374] [DEBUG] cheese - null
[2021-07-25T10:41:56.375] [DEBUG] cheese - null
[2021-07-25T10:44:29.524] [DEBUG] cheese - login => username:zs1,password:123123
[2021-07-25T10:44:29.524] [DEBUG] cheese - zs1
[2021-07-25T10:44:29.537] [DEBUG] cheese - null
[2021-07-25T10:44:29.538] [DEBUG] cheese - null
[2021-07-25T10:45:17.781] [DEBUG] cheese - login => username:zs1,password:123123
[2021-07-25T10:45:17.782] [DEBUG] cheese - zs1
[2021-07-25T10:45:17.791] [DEBUG] cheese - null
[2021-07-25T10:45:17.791] [DEBUG] cheese - null
[2021-07-25T10:46:29.835] [DEBUG] cheese - login => username:zs1,password:123123
[2021-07-25T10:46:29.835] [DEBUG] cheese - zs1
[2021-07-25T10:46:29.842] [DEBUG] cheese - null
[2021-07-25T10:46:29.842] [DEBUG] cheese - null
[2021-07-25T10:47:00.624] [DEBUG] cheese - login => username:zs1,password:123123
[2021-07-25T10:47:00.624] [DEBUG] cheese - zs1
[2021-07-25T10:47:00.632] [DEBUG] cheese - null
[2021-07-25T10:47:00.632] [DEBUG] cheese - null
[2021-07-25T10:50:18.020] [DEBUG] cheese - login => username:zs1,password:123123
[2021-07-25T10:50:18.020] [DEBUG] cheese - zs1
[2021-07-25T10:50:18.036] [DEBUG] cheese - null
[2021-07-25T10:50:18.036] [DEBUG] cheese - null
[2021-07-25T10:50:33.162] [DEBUG] cheese - login => username:zs1,password:123123
[2021-07-25T10:50:33.163] [DEBUG] cheese - zs1
[2021-07-25T10:50:33.172] [DEBUG] cheese - null
[2021-07-25T10:50:33.172] [DEBUG] cheese - null
[2021-07-25T10:51:20.112] [DEBUG] cheese - login => username:zs,password:123
[2021-07-25T10:51:20.112] [DEBUG] cheese - zs
[2021-07-25T10:51:20.122] [DEBUG] cheese - null
[2021-07-25T10:51:20.122] [DEBUG] cheese - null
[2021-07-25T10:51:21.846] [DEBUG] cheese - login => username:zs,password:123
[2021-07-25T10:51:21.846] [DEBUG] cheese - zs
[2021-07-25T10:51:21.853] [DEBUG] cheese - null
[2021-07-25T10:51:21.853] [DEBUG] cheese - null
[2021-07-25T10:51:41.026] [DEBUG] cheese - login => username:zs,password:123
[2021-07-25T10:51:41.027] [DEBUG] cheese - zs
[2021-07-25T10:51:41.039] [DEBUG] cheese - null
[2021-07-25T10:51:41.039] [DEBUG] cheese - null
[2021-07-25T10:52:07.809] [DEBUG] cheese - login => username:zs,password:123
[2021-07-25T10:52:07.809] [DEBUG] cheese - zs
[2021-07-25T10:52:07.824] [DEBUG] cheese - null
[2021-07-25T10:52:07.824] [DEBUG] cheese - null
[2021-07-25T10:53:07.586] [DEBUG] cheese - login => username:zs1,password:123123
[2021-07-25T10:53:07.586] [DEBUG] cheese - zs1
[2021-07-25T10:53:07.591] [DEBUG] cheese - null
[2021-07-25T10:53:07.591] [DEBUG] cheese - null
[2021-07-25T10:54:30.362] [DEBUG] cheese - login => username:zs1,password:123123
[2021-07-25T10:54:30.363] [DEBUG] cheese - zs1
[2021-07-25T10:54:30.369] [DEBUG] cheese - null
[2021-07-25T10:54:30.369] [DEBUG] cheese - null
[2021-07-25T10:54:43.745] [DEBUG] cheese - login => username:admin,password:123456
[2021-07-25T10:54:43.746] [DEBUG] cheese - admin
[2021-07-25T10:54:43.756] [DEBUG] cheese - null
[2021-07-25T10:54:43.757] [DEBUG] cheese - null
[2021-07-25T11:06:32.349] [DEBUG] cheese - login => username:zs1,password:123123
[2021-07-25T11:06:32.351] [DEBUG] cheese - zs1
[2021-07-25T11:06:32.369] [DEBUG] cheese - null
[2021-07-25T11:06:32.370] [DEBUG] cheese - null
[2021-07-25T11:06:45.924] [DEBUG] cheese - login => username:admin,password:123456
[2021-07-25T11:06:45.924] [DEBUG] cheese - admin
[2021-07-25T11:06:45.931] [DEBUG] cheese - null
[2021-07-25T11:06:45.932] [DEBUG] cheese - null
[2021-07-25T11:08:06.173] [DEBUG] cheese - login => username:zs1,password:123123
[2021-07-25T11:08:06.173] [DEBUG] cheese - zs1
[2021-07-25T11:08:06.178] [DEBUG] cheese - null
[2021-07-25T11:08:06.179] [DEBUG] cheese - null
[2021-07-25T11:08:18.017] [DEBUG] cheese - login => username:zs1,password:123123
[2021-07-25T11:08:18.017] [DEBUG] cheese - zs1
[2021-07-25T11:08:18.028] [DEBUG] cheese - null
[2021-07-25T11:08:18.028] [DEBUG] cheese - null
[2021-07-25T11:08:26.820] [DEBUG] cheese - login => username:admin,password:123456
[2021-07-25T11:08:26.820] [DEBUG] cheese - admin
[2021-07-25T11:08:26.831] [DEBUG] cheese - null
[2021-07-25T11:08:26.831] [DEBUG] cheese - null
[2021-07-25T11:08:28.341] [DEBUG] cheese - login => username:admin,password:123456
[2021-07-25T11:08:28.341] [DEBUG] cheese - admin
[2021-07-25T11:08:28.348] [DEBUG] cheese - null
[2021-07-25T11:08:28.349] [DEBUG] cheese - null
[2021-07-25T11:08:28.602] [DEBUG] cheese - login => username:admin,password:123456
[2021-07-25T11:08:28.602] [DEBUG] cheese - admin
[2021-07-25T11:08:28.608] [DEBUG] cheese - null
[2021-07-25T11:08:28.608] [DEBUG] cheese - null
[2021-07-25T11:08:28.847] [DEBUG] cheese - login => username:admin,password:123456
[2021-07-25T11:08:28.853] [DEBUG] cheese - admin
[2021-07-25T11:08:28.863] [DEBUG] cheese - null
[2021-07-25T11:08:28.863] [DEBUG] cheese - null
[2021-07-25T11:08:29.114] [DEBUG] cheese - login => username:admin,password:123456
[2021-07-25T11:08:29.114] [DEBUG] cheese - admin
[2021-07-25T11:08:29.120] [DEBUG] cheese - null
[2021-07-25T11:08:29.121] [DEBUG] cheese - null
[2021-07-25T11:08:29.347] [DEBUG] cheese - login => username:admin,password:123456
[2021-07-25T11:08:29.347] [DEBUG] cheese - admin
[2021-07-25T11:08:29.352] [DEBUG] cheese - null
[2021-07-25T11:08:29.352] [DEBUG] cheese - null
[2021-07-25T11:09:54.765] [DEBUG] cheese - login => username:zs1,password:123123
[2021-07-25T11:09:54.765] [DEBUG] cheese - zs1
[2021-07-25T11:09:54.776] [DEBUG] cheese - null
[2021-07-25T11:09:54.776] [DEBUG] cheese - null
[2021-07-25T11:10:03.460] [DEBUG] cheese - login => username:admin,password:123456
[2021-07-25T11:10:03.461] [DEBUG] cheese - admin
[2021-07-25T11:10:03.465] [DEBUG] cheese - null
[2021-07-25T11:10:03.465] [DEBUG] cheese - null
[2021-07-25T12:20:01.592] [DEBUG] cheese - login => username:admin,password:123456
[2021-07-25T12:20:01.593] [DEBUG] cheese - admin
[2021-07-25T12:20:01.606] [DEBUG] cheese - null
[2021-07-25T12:20:01.607] [DEBUG] cheese - null
[2021-07-25T12:26:14.058] [DEBUG] cheese - login => username:admin,password:123456
[2021-07-25T12:26:14.059] [DEBUG] cheese - admin
[2021-07-25T12:26:14.075] [DEBUG] cheese - null
[2021-07-25T12:26:14.075] [DEBUG] cheese - null
[2021-07-25T12:26:16.255] [DEBUG] cheese - login => username:admin,password:123456
[2021-07-25T12:26:16.256] [DEBUG] cheese - admin
[2021-07-25T12:26:16.260] [DEBUG] cheese - null
[2021-07-25T12:26:16.260] [DEBUG] cheese - null
[2021-07-25T12:26:17.014] [DEBUG] cheese - login => username:admin,password:123456
[2021-07-25T12:26:17.015] [DEBUG] cheese - admin
[2021-07-25T12:26:17.023] [DEBUG] cheese - null
[2021-07-25T12:26:17.023] [DEBUG] cheese - null
[2021-07-25T12:26:17.278] [DEBUG] cheese - login => username:admin,password:123456
[2021-07-25T12:26:17.278] [DEBUG] cheese - admin
[2021-07-25T12:26:17.291] [DEBUG] cheese - null
[2021-07-25T12:26:17.291] [DEBUG] cheese - null
[2021-07-25T12:26:17.526] [DEBUG] cheese - login => username:admin,password:123456
[2021-07-25T12:26:17.526] [DEBUG] cheese - admin
[2021-07-25T12:26:17.545] [DEBUG] cheese - null
[2021-07-25T12:26:17.545] [DEBUG] cheese - null
[2021-07-25T12:26:17.796] [DEBUG] cheese - login => username:admin,password:123456
[2021-07-25T12:26:17.796] [DEBUG] cheese - admin
[2021-07-25T12:26:17.811] [DEBUG] cheese - null
[2021-07-25T12:26:17.811] [DEBUG] cheese - null
[2021-07-25T12:26:18.047] [DEBUG] cheese - login => username:admin,password:123456
[2021-07-25T12:26:18.053] [DEBUG] cheese - admin
[2021-07-25T12:26:18.072] [DEBUG] cheese - null
[2021-07-25T12:26:18.073] [DEBUG] cheese - null
[2021-07-25T12:26:18.325] [DEBUG] cheese - login => username:admin,password:123456
[2021-07-25T12:26:18.325] [DEBUG] cheese - admin
[2021-07-25T12:26:18.332] [DEBUG] cheese - null
[2021-07-25T12:26:18.332] [DEBUG] cheese - null
[2021-07-25T12:26:18.590] [DEBUG] cheese - login => username:admin,password:123456
[2021-07-25T12:26:18.590] [DEBUG] cheese - admin
[2021-07-25T12:26:18.597] [DEBUG] cheese - login => username:admin,password:123456
[2021-07-25T12:26:18.597] [DEBUG] cheese - admin
[2021-07-25T12:26:18.619] [DEBUG] cheese - null
[2021-07-25T12:26:18.619] [DEBUG] cheese - null
[2021-07-25T12:26:18.879] [DEBUG] cheese - login => username:admin,password:123456
[2021-07-25T12:26:18.880] [DEBUG] cheese - admin
[2021-07-25T12:26:18.895] [DEBUG] cheese - null
[2021-07-25T12:26:18.895] [DEBUG] cheese - null
[2021-07-25T12:26:19.154] [DEBUG] cheese - null
[2021-07-25T12:26:19.155] [DEBUG] cheese - null
[2021-07-25T12:26:19.389] [DEBUG] cheese - login => username:admin,password:123456
[2021-07-25T12:26:19.389] [DEBUG] cheese - admin
[2021-07-25T12:26:19.396] [DEBUG] cheese - null
[2021-07-25T12:26:19.396] [DEBUG] cheese - null
[2021-07-25T12:26:21.191] [DEBUG] cheese - login => username:admin,password:123456
[2021-07-25T12:26:21.192] [DEBUG] cheese - admin
[2021-07-25T12:26:21.199] [DEBUG] cheese - null
[2021-07-25T12:26:21.199] [DEBUG] cheese - null
[2021-07-25T12:26:21.429] [DEBUG] cheese - login => username:admin,password:123456
[2021-07-25T12:26:21.429] [DEBUG] cheese - admin
[2021-07-25T12:26:21.442] [DEBUG] cheese - null
[2021-07-25T12:26:21.442] [DEBUG] cheese - null
[2021-07-25T12:26:21.709] [DEBUG] cheese - login => username:admin,password:123456
[2021-07-25T12:26:21.710] [DEBUG] cheese - admin
[2021-07-25T12:26:21.724] [DEBUG] cheese - null
[2021-07-25T12:26:21.725] [DEBUG] cheese - null
[2021-07-25T12:26:21.994] [DEBUG] cheese - login => username:admin,password:123456
[2021-07-25T12:26:21.994] [DEBUG] cheese - admin
[2021-07-25T12:26:22.008] [DEBUG] cheese - null
[2021-07-25T12:26:22.008] [DEBUG] cheese - null
[2021-07-25T12:26:22.291] [DEBUG] cheese - login => username:admin,password:123456
[2021-07-25T12:26:22.291] [DEBUG] cheese - admin
[2021-07-25T12:26:22.297] [DEBUG] cheese - null
[2021-07-25T12:26:22.297] [DEBUG] cheese - null
[2021-07-25T14:41:18.597] [DEBUG] cheese - login => username:admin,password:123456
[2021-07-25T14:41:18.598] [DEBUG] cheese - admin
[2021-07-25T14:41:18.618] [DEBUG] cheese - null
[2021-07-25T14:41:18.622] [DEBUG] cheese - null
[2021-07-25T14:52:44.337] [DEBUG] cheese - login => username:admin,password:123456
[2021-07-25T14:52:44.337] [DEBUG] cheese - admin
[2021-07-25T14:52:44.360] [DEBUG] cheese - null
[2021-07-25T14:52:44.360] [DEBUG] cheese - null
[2021-07-25T14:53:56.023] [DEBUG] cheese - login => username:admin,password:123456
[2021-07-25T14:53:56.023] [DEBUG] cheese - admin
[2021-07-25T14:53:56.032] [DEBUG] cheese - null
[2021-07-25T14:53:56.033] [DEBUG] cheese - null
[2021-07-25T14:57:28.002] [DEBUG] cheese - login => username:admin,password:123456
[2021-07-25T14:57:28.002] [DEBUG] cheese - admin
[2021-07-25T14:57:28.023] [DEBUG] cheese - null
[2021-07-25T14:57:28.023] [DEBUG] cheese - null
[2021-07-25T14:58:56.794] [DEBUG] cheese - login => username:admin,password:123456
[2021-07-25T14:58:56.794] [DEBUG] cheese - admin
[2021-07-25T14:58:56.799] [DEBUG] cheese - null
[2021-07-25T14:58:56.799] [DEBUG] cheese - null
[2021-07-25T15:01:46.209] [DEBUG] cheese - login => username:admin,password:123456
[2021-07-25T15:01:46.209] [DEBUG] cheese - admin
[2021-07-25T15:01:46.227] [DEBUG] cheese - null
[2021-07-25T15:01:46.227] [DEBUG] cheese - null
[2021-07-25T15:02:52.917] [DEBUG] cheese - login => username:admin,password:123456
[2021-07-25T15:02:52.917] [DEBUG] cheese - admin
[2021-07-25T15:02:52.923] [DEBUG] cheese - null
[2021-07-25T15:02:52.923] [DEBUG] cheese - null
[2021-07-25T15:27:40.796] [DEBUG] cheese - login => username:admin,password:123456
[2021-07-25T15:27:40.797] [DEBUG] cheese - admin
[2021-07-25T15:27:40.827] [DEBUG] cheese - null
[2021-07-25T15:27:40.828] [DEBUG] cheese - null
[2021-07-25T16:25:31.621] [DEBUG] cheese - login => username:admin,password:123456
[2021-07-25T16:25:31.622] [DEBUG] cheese - admin
[2021-07-25T16:25:31.642] [DEBUG] cheese - null
[2021-07-25T16:25:31.642] [DEBUG] cheese - null
[2021-07-25T16:26:24.309] [DEBUG] cheese - login => username:admin,password:123456
[2021-07-25T16:26:24.310] [DEBUG] cheese - admin
[2021-07-25T16:26:24.319] [DEBUG] cheese - null
[2021-07-25T16:26:24.320] [DEBUG] cheese - null
[2021-07-25T21:36:51.733] [DEBUG] cheese - login => username:admin,password:123456
[2021-07-25T21:36:51.735] [DEBUG] cheese - admin
[2021-07-25T21:36:51.746] [DEBUG] cheese - null
[2021-07-25T21:36:51.746] [DEBUG] cheese - null
[2021-07-25T21:37:30.249] [DEBUG] cheese - login => username:admin,password:123456
[2021-07-25T21:37:30.249] [DEBUG] cheese - admin
[2021-07-25T21:37:30.259] [DEBUG] cheese - null
[2021-07-25T21:37:30.259] [DEBUG] cheese - null
[2021-07-27T16:57:22.332] [DEBUG] cheese - login => username:admin,password:123456
[2021-07-27T16:57:22.336] [DEBUG] cheese - admin
[2021-07-27T16:57:22.416] [DEBUG] cheese - null
[2021-07-27T16:57:22.417] [DEBUG] cheese - null
[2021-07-27T19:59:30.268] [DEBUG] cheese - login => username:admin,password:123456
[2021-07-27T19:59:30.274] [DEBUG] cheese - admin
[2021-07-27T19:59:30.370] [DEBUG] cheese - null
[2021-07-27T19:59:30.372] [DEBUG] cheese - null
[2021-07-27T20:03:47.852] [DEBUG] cheese - login => username:admin,password:123456
[2021-07-27T20:03:47.852] [DEBUG] cheese - admin
[2021-07-27T20:03:47.857] [DEBUG] cheese - null
[2021-07-27T20:03:47.857] [DEBUG] cheese - null
[2021-07-27T23:13:44.588] [DEBUG] cheese - null
[2021-07-27T23:15:57.092] [DEBUG] cheese - null
[2021-07-27T23:18:21.723] [DEBUG] cheese - null
[2021-07-27T23:18:33.491] [DEBUG] cheese - null
[2021-07-27T23:18:46.569] [DEBUG] cheese - null
[2021-07-28T20:07:09.399] [DEBUG] cheese - login => username:admin,password:123456
[2021-07-28T20:07:09.404] [DEBUG] cheese - admin
[2021-07-28T20:07:09.422] [DEBUG] cheese - null
[2021-07-28T20:07:09.424] [DEBUG] cheese - null
[2021-07-29T20:39:01.507] [DEBUG] cheese - login => username:admin,password:123456
[2021-07-29T20:39:01.511] [DEBUG] cheese - admin
[2021-07-29T20:39:01.530] [DEBUG] cheese - null
[2021-07-29T20:39:01.531] [DEBUG] cheese - null
[2021-07-30T21:13:43.190] [DEBUG] cheese - login => username:admin,password:123456
[2021-07-30T21:13:43.197] [DEBUG] cheese - admin
[2021-07-30T21:13:43.215] [DEBUG] cheese - null
[2021-07-30T21:13:43.218] [DEBUG] cheese - null
[2021-08-01T15:01:23.695] [DEBUG] cheese - login => username:admin,password:123456
[2021-08-01T15:01:23.700] [DEBUG] cheese - admin
[2021-08-01T15:01:23.742] [DEBUG] cheese - null
[2021-08-01T15:01:23.765] [DEBUG] cheese - null
[2021-08-01T22:52:34.385] [DEBUG] cheese - login => username:admin,password:123456
[2021-08-01T22:52:34.392] [DEBUG] cheese - admin
[2021-08-01T22:52:34.412] [DEBUG] cheese - null
[2021-08-01T22:52:34.418] [DEBUG] cheese - null
[2021-08-01T23:09:51.407] [DEBUG] cheese - null
[2021-08-01T23:10:05.216] [DEBUG] cheese - null
[2021-08-01T23:11:53.273] [DEBUG] cheese - null
[2021-08-02T15:11:22.045] [DEBUG] cheese - login => username:admin,password:123456
[2021-08-02T15:11:22.046] [DEBUG] cheese - admin
[2021-08-02T15:11:22.051] [DEBUG] cheese - null
[2021-08-02T15:11:22.051] [DEBUG] cheese - null
[2021-08-02T16:28:21.660] [DEBUG] cheese - login => username:admin,password:123456
[2021-08-02T16:28:21.666] [DEBUG] cheese - admin
[2021-08-02T16:28:21.693] [DEBUG] cheese - null
[2021-08-02T16:28:21.695] [DEBUG] cheese - null
[2021-08-02T16:30:41.564] [DEBUG] cheese - login => username:admin,password:123456
[2021-08-02T16:30:41.569] [DEBUG] cheese - admin
[2021-08-02T16:30:41.596] [DEBUG] cheese - null
[2021-08-02T16:30:41.597] [DEBUG] cheese - null
[2021-08-02T17:59:29.049] [DEBUG] cheese - login => username:admin,password:123456
[2021-08-02T17:59:29.055] [DEBUG] cheese - admin
[2021-08-02T17:59:29.085] [DEBUG] cheese - null
[2021-08-02T17:59:29.088] [DEBUG] cheese - null
[2021-08-02T18:01:22.108] [DEBUG] cheese - login => username:admin,password:123456
[2021-08-02T18:01:22.108] [DEBUG] cheese - admin
[2021-08-02T18:01:22.118] [DEBUG] cheese - null
[2021-08-02T18:01:22.118] [DEBUG] cheese - null
[2021-08-02T21:32:17.186] [DEBUG] cheese - login => username:admin,password:123456
[2021-08-02T21:32:17.197] [DEBUG] cheese - admin
[2021-08-02T21:32:17.223] [DEBUG] cheese - null
[2021-08-02T21:32:17.226] [DEBUG] cheese - null
[2021-08-02T21:58:57.955] [DEBUG] cheese - login => username:admin,password:123456
[2021-08-02T21:58:57.956] [DEBUG] cheese - admin
[2021-08-02T21:58:57.995] [DEBUG] cheese - null
[2021-08-02T21:58:57.995] [DEBUG] cheese - null
[2021-08-02T22:34:07.159] [DEBUG] cheese - login => username:admin,password:123456
[2021-08-02T22:34:07.163] [DEBUG] cheese - admin
[2021-08-02T22:34:07.180] [DEBUG] cheese - null
[2021-08-02T22:34:07.182] [DEBUG] cheese - null
[2021-08-02T22:42:28.406] [DEBUG] cheese - login => username:admin,password:123456
[2021-08-02T22:42:28.409] [DEBUG] cheese - admin
[2021-08-02T22:42:28.434] [DEBUG] cheese - null
[2021-08-02T22:42:28.436] [DEBUG] cheese - null
[2021-08-02T22:54:43.458] [DEBUG] cheese - login => username:admin,password:123456
[2021-08-02T22:54:43.459] [DEBUG] cheese - admin
[2021-08-02T22:54:43.484] [DEBUG] cheese - null
[2021-08-02T22:54:43.485] [DEBUG] cheese - null
[2021-08-02T23:12:48.403] [DEBUG] cheese - login => username:admin,password:123456
[2021-08-02T23:12:48.404] [DEBUG] cheese - admin
[2021-08-02T23:12:48.414] [DEBUG] cheese - null
[2021-08-02T23:12:48.415] [DEBUG] cheese - null
[2021-08-03T18:08:29.121] [DEBUG] cheese - login => username:admin,password:123456
[2021-08-03T18:08:29.125] [DEBUG] cheese - admin
[2021-08-03T18:08:29.196] [DEBUG] cheese - null
[2021-08-03T18:08:29.197] [DEBUG] cheese - null
